build/intermediates/manifest_merge_blame_file/debug/manifest-merger-blame-debug-report.txt
1<?xml version="1.0" encoding="utf-8"?>
2<manifest xmlns:android="http://schemas.android.com/apk/res/android"
3    package="com.kristianjones.snorlabs_a1"
4    android:versionCode="1"
5    android:versionName="1.0" >
6
7    <uses-sdk
8        android:minSdkVersion="17"
8-->src\main\AndroidManifest.xml
9        android:targetSdkVersion="32" />
9-->src\main\AndroidManifest.xml
10
11    <uses-permission android:name="android.permission.VIBRATE" />
11-->src\main\AndroidManifest.xml:5:5-66
11-->src\main\AndroidManifest.xml:5:22-63
12    <uses-permission android:name="android.permission.FOREGROUND_SERVICE" />
12-->src\main\AndroidManifest.xml:6:5-76
12-->src\main\AndroidManifest.xml:6:22-74
13    <uses-permission android:name="android.permission.SCHEDULE_EXACT_ALARM" />
13-->src\main\AndroidManifest.xml:7:5-79
13-->src\main\AndroidManifest.xml:7:22-76
14    <uses-permission android:name="com.google.android.gms.permission.ACTIVITY_RECOGNITION" /> <!-- Required for 29+. -->
14-->src\main\AndroidManifest.xml:8:5-94
14-->src\main\AndroidManifest.xml:8:22-91
15    <uses-permission android:name="android.permission.ACTIVITY_RECOGNITION" />
15-->src\main\AndroidManifest.xml:9:5-79
15-->src\main\AndroidManifest.xml:9:22-76
16
17    <application
17-->src\main\AndroidManifest.xml:11:5-47:19
18        android:allowBackup="true"
18-->src\main\AndroidManifest.xml:12:9-35
19        android:appComponentFactory="androidx.core.app.CoreComponentFactory"
19-->[androidx.core:core:1.8.0] AndroidManifest.xml:24:18-86
20        android:debuggable="true"
21        android:icon="@mipmap/ic_launcher"
21-->src\main\AndroidManifest.xml:13:9-43
22        android:label="@string/app_name"
22-->src\main\AndroidManifest.xml:14:9-41
23        android:roundIcon="@mipmap/ic_launcher_round"
23-->src\main\AndroidManifest.xml:15:9-54
24        android:supportsRtl="true"
24-->src\main\AndroidManifest.xml:16:9-35
25        android:testOnly="true"
26        android:theme="@style/Theme.SnorLabs_a1" >
26-->src\main\AndroidManifest.xml:17:9-49
27        <activity
27-->src\main\AndroidManifest.xml:18:9-26:20
28            android:name="com.kristianjones.snorlabs_a1.MainActivity"
28-->src\main\AndroidManifest.xml:18:19-47
29            android:exported="true"
29-->src\main\AndroidManifest.xml:20:13-36
30            android:launchMode="singleTop" >
30-->src\main\AndroidManifest.xml:19:13-43
31            <intent-filter>
31-->src\main\AndroidManifest.xml:21:13-25:29
32                <action android:name="android.intent.action.MAIN" />
32-->src\main\AndroidManifest.xml:22:17-69
32-->src\main\AndroidManifest.xml:22:25-66
33
34                <category android:name="android.intent.category.LAUNCHER" />
34-->src\main\AndroidManifest.xml:24:17-77
34-->src\main\AndroidManifest.xml:24:27-74
35            </intent-filter>
36        </activity>
37        <activity
37-->src\main\AndroidManifest.xml:27:9-28:57
38            android:name="com.kristianjones.snorlabs_a1.HelpActivity"
38-->src\main\AndroidManifest.xml:27:19-47
39            android:parentActivityName="com.kristianjones.snorlabs_a1.MainActivity" />
39-->src\main\AndroidManifest.xml:28:13-55
40        <activity
40-->src\main\AndroidManifest.xml:29:9-30:57
41            android:name="com.kristianjones.snorlabs_a1.FeedbackActivity"
41-->src\main\AndroidManifest.xml:29:19-51
42            android:parentActivityName="com.kristianjones.snorlabs_a1.MainActivity" />
42-->src\main\AndroidManifest.xml:30:13-55
43        <activity
43-->src\main\AndroidManifest.xml:31:9-32:57
44            android:name="com.kristianjones.snorlabs_a1.PermissionActivity"
44-->src\main\AndroidManifest.xml:31:19-53
45            android:parentActivityName="com.kristianjones.snorlabs_a1.MainActivity" />
45-->src\main\AndroidManifest.xml:32:13-55
46        <activity
46-->src\main\AndroidManifest.xml:33:9-34:57
47            android:name="com.kristianjones.snorlabs_a1.DynTimerActivity"
47-->src\main\AndroidManifest.xml:33:19-51
48            android:parentActivityName="com.kristianjones.snorlabs_a1.MainActivity" />
48-->src\main\AndroidManifest.xml:34:13-55
49        <activity
49-->src\main\AndroidManifest.xml:35:9-36:61
50            android:name="com.kristianjones.snorlabs_a1.AlarmActivity"
50-->src\main\AndroidManifest.xml:35:19-48
51            android:parentActivityName="com.kristianjones.snorlabs_a1.DynTimerActivity" />
51-->src\main\AndroidManifest.xml:36:13-59
52        <activity
52-->src\main\AndroidManifest.xml:37:9-38:58
53            android:name="com.kristianjones.snorlabs_a1.SleepActivity"
53-->src\main\AndroidManifest.xml:37:19-48
54            android:parentActivityName="com.kristianjones.snorlabs_a1.AlarmActivity" />
54-->src\main\AndroidManifest.xml:38:13-56
55        <activity
55-->src\main\AndroidManifest.xml:39:9-40:58
56            android:name="com.kristianjones.snorlabs_a1.CancelActivity"
56-->src\main\AndroidManifest.xml:39:19-49
57            android:parentActivityName="com.kristianjones.snorlabs_a1.SleepActivity" />
57-->src\main\AndroidManifest.xml:40:13-56
58
59        <receiver android:name="com.kristianjones.snorlabs_a1.AlertReceiver" />
59-->src\main\AndroidManifest.xml:41:9-51
59-->src\main\AndroidManifest.xml:41:19-48
60
61        <service android:name="com.kristianjones.snorlabs_a1.AlarmService" />
61-->src\main\AndroidManifest.xml:42:9-48
61-->src\main\AndroidManifest.xml:42:18-46
62        <service android:name="com.kristianjones.snorlabs_a1.CountdownService" />
62-->src\main\AndroidManifest.xml:43:9-52
62-->src\main\AndroidManifest.xml:43:18-50
63
64        <meta-data
64-->src\main\AndroidManifest.xml:44:9-46:57
65            android:name="preloaded_fonts"
65-->src\main\AndroidManifest.xml:45:13-43
66            android:resource="@array/preloaded_fonts" />
66-->src\main\AndroidManifest.xml:46:13-54
67
68        <activity
68-->[com.google.android.gms:play-services-base:17.5.0] AndroidManifest.xml:23:9-26:75
69            android:name="com.google.android.gms.common.api.GoogleApiActivity"
69-->[com.google.android.gms:play-services-base:17.5.0] AndroidManifest.xml:24:13-79
70            android:exported="false"
70-->[com.google.android.gms:play-services-base:17.5.0] AndroidManifest.xml:25:13-37
71            android:theme="@android:style/Theme.Translucent.NoTitleBar" />
71-->[com.google.android.gms:play-services-base:17.5.0] AndroidManifest.xml:26:13-72
72
73        <meta-data
73-->[com.google.android.gms:play-services-basement:17.5.0] AndroidManifest.xml:23:9-25:69
74            android:name="com.google.android.gms.version"
74-->[com.google.android.gms:play-services-basement:17.5.0] AndroidManifest.xml:24:13-58
75            android:value="@integer/google_play_services_version" />
75-->[com.google.android.gms:play-services-basement:17.5.0] AndroidManifest.xml:25:13-66
76
77        <provider
77-->[androidx.emoji2:emoji2:1.2.0] AndroidManifest.xml:24:9-32:20
78            android:name="androidx.startup.InitializationProvider"
78-->[androidx.emoji2:emoji2:1.2.0] AndroidManifest.xml:25:13-67
79            android:authorities="com.kristianjones.snorlabs_a1.androidx-startup"
79-->[androidx.emoji2:emoji2:1.2.0] AndroidManifest.xml:26:13-68
80            android:exported="false" >
80-->[androidx.emoji2:emoji2:1.2.0] AndroidManifest.xml:27:13-37
81            <meta-data
81-->[androidx.emoji2:emoji2:1.2.0] AndroidManifest.xml:29:13-31:52
82                android:name="androidx.emoji2.text.EmojiCompatInitializer"
82-->[androidx.emoji2:emoji2:1.2.0] AndroidManifest.xml:30:17-75
83                android:value="androidx.startup" />
83-->[androidx.emoji2:emoji2:1.2.0] AndroidManifest.xml:31:17-49
84            <meta-data
84-->[androidx.lifecycle:lifecycle-process:2.4.1] AndroidManifest.xml:31:13-33:52
85                android:name="androidx.lifecycle.ProcessLifecycleInitializer"
85-->[androidx.lifecycle:lifecycle-process:2.4.1] AndroidManifest.xml:32:17-78
86                android:value="androidx.startup" />
86-->[androidx.lifecycle:lifecycle-process:2.4.1] AndroidManifest.xml:33:17-49
87        </provider>
88    </application>
89
90</manifest>